<?xml version="1.0" encoding="UTF-8"?>
<testsuite name="PasswordCheckerTest" tests="1" skipped="0" failures="0" errors="0" timestamp="2020-07-27T16:05:00" hostname="krattz-Latitude-E6510" time="0.009">
  <properties/>
  <testcase name="TestPasswordIsValid" classname="PasswordCheckerTest" time="0.009"/>
  <system-out><![CDATA[]]></system-out>
  <system-err><![CDATA[]]></system-err>
</testsuite>
